Arguments: 
  C:\Program Files\nodejs\node.exe C:\Users\saite\AppData\Roaming\npm\node_modules\yarn\bin\yarn.js add react-on-screen

PATH: 
  C:\WINDOWS\system32;C:\WINDOWS;C:\WINDOWS\System32\Wbem;C:\WINDOWS\System32\WindowsPowerShell\v1.0\;C:\WINDOWS\System32\OpenSSH\;C:\Program Files\nodejs\;C:\Program Files\nodejs\npm;C:\Program Files\Git\cmd;C:\Program Files\dotnet\;C:\Users\saite\AppData\Local\Microsoft\WindowsApps;;T:\Microsoft VS Code\bin;C:\Users\saite\AppData\Roaming\npm

Yarn version: 
  1.22.19

Node version: 
  18.17.0

Platform: 
  win32 x64

Trace: 
  Error: EPERM: operation not permitted, copyfile 'C:\Users\saite\AppData\Local\Yarn\Cache\v6\npm-@react-aria-ssr-3.7.0-7eda2964ab792dc1c3a1fdacbf5bfb185590e9a5-integrity\node_modules\@react-aria\ssr\package.json' -> 'C:\Users\saite\personal-portfolio\node_modules\@react-aria\ssr\package.json'

npm manifest: 
  {
    "name": "personal-portfolio",
    "version": "0.1.0",
    "private": true,
    "dependencies": {
      "@testing-library/jest-dom": "^5.17.0",
      "@testing-library/react": "^13.4.0",
      "@testing-library/user-event": "^13.5.0",
      "@types/react-router-dom": "^5.3.3",
      "react": "^18.2.0",
      "react-bootstrap": "^2.8.0",
      "react-bootstrap-icons": "^1.10.3",
      "react-dom": "^18.2.0",
      "react-hook-form": "^7.45.2",
      "react-multi-carousel": "^2.8.4",
      "react-on-screen": "^2.1.1",
      "react-router-dom": "^6.14.2",
      "react-router-hash-link": "^2.4.3",
      "react-scripts": "5.0.1",
      "web-vitals": "^2.1.4"
    },
    "scripts": {
      "start": "react-scripts start",
      "build": "react-scripts build",
      "test": "react-scripts test",
      "eject": "react-scripts eject"
    },
    "eslintConfig": {
      "extends": [
        "react-app",
        "react-app/jest"
      ]
    },
    "browserslist": {
      "production": [
        ">0.2%",
        "not dead",
        "not op_mini all"
      ],
      "development": [
        "last 1 chrome version",
        "last 1 firefox version",
        "last 1 safari version"
      ]
    }
  }

yarn manifest: 
  No manifest

Lockfile: 
  No lockfile
